Change Component Designator: OldDesignator=LED? NewDesignator=LED11
Change Component Designator: OldDesignator=LED? NewDesignator=LED22
Change Component Designator: OldDesignator=LED? NewDesignator=LED33
Change Component Designator: OldDesignator=LED? NewDesignator=LED44
Change Component Designator: OldDesignator=LED? NewDesignator=LED55
Change Component Designator: OldDesignator=LED? NewDesignator=LED66
Change Component Designator: OldDesignator=LED? NewDesignator=LED77
Change Component Designator: OldDesignator=LED? NewDesignator=LED88
Change Component Designator: OldDesignator=LED? NewDesignator=LED99
Change Component Designator: OldDesignator=LED? NewDesignator=LED100
Change Net Name : Old Net Name=NetLED?_1 New Net Name=NetLED11_1
Change Net Name : Old Net Name=NetLED?_2 New Net Name=NetLED99_2
Added Pin To Net: NetName=NetLED11_2 Pin=LED11-2
Added Pin To Net: NetName=NetLED11_2 Pin=U?-3
Added Net: Name=NetLED11_2
Added Pin To Net: NetName=NetLED22_2 Pin=LED22-2
Added Pin To Net: NetName=NetLED22_2 Pin=U?-2
Added Net: Name=NetLED22_2
Added Pin To Net: NetName=NetLED33_2 Pin=LED33-2
Added Pin To Net: NetName=NetLED33_2 Pin=U?-4
Added Net: Name=NetLED33_2
Added Pin To Net: NetName=NetLED44_2 Pin=LED44-2
Added Pin To Net: NetName=NetLED44_2 Pin=U?-7
Added Net: Name=NetLED44_2
Added Pin To Net: NetName=NetLED55_2 Pin=LED55-2
Added Pin To Net: NetName=NetLED55_2 Pin=U?-10
Added Net: Name=NetLED55_2
Added Pin To Net: NetName=NetLED66_2 Pin=LED66-2
Added Pin To Net: NetName=NetLED66_2 Pin=U?-1
Added Net: Name=NetLED66_2
Added Pin To Net: NetName=NetLED77_2 Pin=LED77-2
Added Pin To Net: NetName=NetLED77_2 Pin=U?-5
Added Net: Name=NetLED77_2
Added Pin To Net: NetName=NetLED88_2 Pin=LED88-2
Added Pin To Net: NetName=NetLED88_2 Pin=U?-6
Added Net: Name=NetLED88_2
Added Pin To Net: NetName=NetLED100_2 Pin=LED100-2
Added Pin To Net: NetName=NetLED100_2 Pin=U?-11
Added Net: Name=NetLED100_2
