Added Component: Designator=C1(FP-RCEWM1-MFG)
Added Component: Designator=C2(FP-RCEWM1-MFG)
Added Component: Designator=J1(FP-M20-9990246-MFG)
Added Component: Designator=LED?(Type 5mm)
Added Component: Designator=LED?(Type 5mm)
Added Component: Designator=LED?(Type 5mm)
Added Component: Designator=LED?(Type 5mm)
Added Component: Designator=LED?(Type 5mm)
Added Component: Designator=LED?(Type 5mm)
Added Component: Designator=LED?(Type 5mm)
Added Component: Designator=LED?(Type 5mm)
Added Component: Designator=LED?(Type 5mm)
Added Component: Designator=LED?(Type 5mm)
Added Component: Designator=R1(RESA60-630X240)
Added Component: Designator=R2(BOUR-3313J-1_V)
Added Component: Designator=R3(OMTE-RES7X2.5-2)
Added Component: Designator=R4(OMTE-RES7X2.5-2)
Added Component: Designator=U?(P0008A)
Added Component: Designator=U?(N0016A)
Add Pin To Net: Unknown Pin: Pin C1-1
Add Pin To Net: Unknown Pin: Pin C1-2
Add Pin To Net: Unknown Pin: Pin C2-1
Add Pin To Net: Unknown Pin: Pin C2-2
Add Pin To Net: Unknown Pin: Pin J1-1
Add Pin To Net: Unknown Pin: Pin J1-2
Add Pin To Net: Unknown Pin: Pin LED?-1
Add Pin To Net: Unknown Pin: Pin LED?-1
Add Pin To Net: Unknown Pin: Pin LED?-1
Add Pin To Net: Unknown Pin: Pin LED?-1
Add Pin To Net: Unknown Pin: Pin LED?-1
Add Pin To Net: Unknown Pin: Pin LED?-1
Add Pin To Net: Unknown Pin: Pin LED?-1
Add Pin To Net: Unknown Pin: Pin LED?-1
Add Pin To Net: Unknown Pin: Pin LED?-1
Add Pin To Net: Unknown Pin: Pin LED?-1
Add Pin To Net: Unknown Pin: Pin LED?-2
Add Pin To Net: Unknown Pin: Pin R1-1
Add Pin To Net: Unknown Pin: Pin R1-2
Add Pin To Net: Unknown Pin: Pin R2-1
Add Pin To Net: Unknown Pin: Pin R2-2
Add Pin To Net: Unknown Pin: Pin R2-3
Add Pin To Net: Unknown Pin: Pin R3-1
Add Pin To Net: Unknown Pin: Pin R3-2
Add Pin To Net: Unknown Pin: Pin R4-1
Add Pin To Net: Unknown Pin: Pin R4-2
Add Pin To Net: Unknown Pin: Pin U?-1
Add Pin To Net: Unknown Pin: Pin U?-2
Add Pin To Net: Unknown Pin: Pin U?-3
Add Pin To Net: Unknown Pin: Pin U?-4
Add Pin To Net: Unknown Pin: Pin U?-5
Add Pin To Net: Unknown Pin: Pin U?-6
Add Pin To Net: Unknown Pin: Pin U?-7
Add Pin To Net: Unknown Pin: Pin U?-8
Add Pin To Net: Unknown Pin: Pin U?-8
Add Pin To Net: Unknown Pin: Pin U?-9
Add Pin To Net: Unknown Pin: Pin U?-13
Add Pin To Net: Unknown Pin: Pin U?-14
Add Pin To Net: Unknown Pin: Pin U?-15
Add Pin To Net: Unknown Pin: Pin U?-16
Add Net: Net with name "NetLED?_2" already exists
Add Net: Net with name "NetLED?_2" already exists
Add Net: Net with name "NetLED?_2" already exists
Add Net: Net with name "NetLED?_2" already exists
Add Net: Net with name "NetLED?_2" already exists
Add Net: Net with name "NetLED?_2" already exists
Add Net: Net with name "NetLED?_2" already exists
Add Net: Net with name "NetLED?_2" already exists
Add Net: Net with name "NetLED?_2" already exists
