Added Component: Designator=C1(FP-RCEWM1-MFG)
Added Component: Designator=C2(FP-RCEWM1-MFG)
Added Component: Designator=J1(FP-M20-9990246-MFG)
Added Component: Designator=LED?(Type 5mm)
Added Component: Designator=LED?(Type 5mm)
Added Component: Designator=LED?(Type 5mm)
Added Component: Designator=LED?(Type 5mm)
Added Component: Designator=LED?(Type 5mm)
Added Component: Designator=LED?(Type 5mm)
Added Component: Designator=LED?(Type 5mm)
Added Component: Designator=LED?(Type 5mm)
Added Component: Designator=LED?(Type 5mm)
Added Component: Designator=LED?(Type 5mm)
Added Component: Designator=R1(RESA60-630X240)
Added Component: Designator=R2(BOUR-3313J-1_V)
Added Component: Designator=R3(OMTE-RES7X2.5-2)
Added Component: Designator=R4(OMTE-RES7X2.5-2)
Added Component: Designator=U?(P0008A)
Added Component: Designator=U?(N0016A)
Added Net: Name=GND
Added Net: Name=NetC1_1
Added Net: Name=NetC2_1
Added Net: Name=NetLED?_1
Added Net: Name=NetLED?_2
Add Net: Net with name "NetLED?_2" already exists
Add Net: Net with name "NetLED?_2" already exists
Add Net: Net with name "NetLED?_2" already exists
Add Net: Net with name "NetLED?_2" already exists
Add Net: Net with name "NetLED?_2" already exists
Add Net: Net with name "NetLED?_2" already exists
Add Net: Net with name "NetLED?_2" already exists
Add Net: Net with name "NetLED?_2" already exists
Add Net: Net with name "NetLED?_2" already exists
Added Net: Name=NetR1_1
Added Net: Name=NetR3_2
Added Net: Name= VCC
